2021-12-30 15:13:29,922 [Worker-4: Loading available Gradle versions] INFO  o.e.b.c.i.u.g.PublishedGradleVersions - Gradle version information cache is up-to-date. Trying to read.
2021-12-30 15:14:54,522 [Worker-4: Creating project "simple-maven-model"] INFO  o.e.m.c.i.e.AbstractTransferListenerAdapter - Downloading https://repo.maven.apache.org/maven2/org/apache/maven/plugins/maven-jar-plugin/2.4/maven-jar-plugin-2.4.jar
2021-12-30 15:14:55,636 [Worker-4: Creating project "simple-maven-model"] INFO  o.e.m.c.i.e.AbstractTransferListenerAdapter - Downloaded https://repo.maven.apache.org/maven2/org/apache/maven/plugins/maven-jar-plugin/2.4/maven-jar-plugin-2.4.jar
2021-12-30 15:14:58,257 [Worker-4: Creating project "simple-maven-model"] INFO  o.e.m.c.i.l.LifecycleMappingFactory - Using org.eclipse.m2e.jdt.JarLifecycleMapping lifecycle mapping for MavenProject: com.ejemplo.model:simple-maven-model:0.0.1-SNAPSHOT @ C:\Users\ALEXANDER\eclipse-workspace\Combinado\simple-maven-model\pom.xml.
2021-12-30 15:15:01,255 [Worker-4: Creating project "simple-maven-model"] INFO  o.e.m.c.i.e.AbstractTransferListenerAdapter - Downloading https://repo.maven.apache.org/maven2/org/apache/maven/plugins/maven-jar-plugin/2.4/maven-jar-plugin-2.4.pom
2021-12-30 15:15:01,575 [Worker-4: Creating project "simple-maven-model"] INFO  o.e.m.c.i.e.AbstractTransferListenerAdapter - Downloaded https://repo.maven.apache.org/maven2/org/apache/maven/plugins/maven-jar-plugin/2.4/maven-jar-plugin-2.4.pom
2021-12-30 15:15:02,032 [Worker-4: Creating project "simple-maven-model"] INFO  o.e.m.c.i.e.AbstractTransferListenerAdapter - Downloading https://repo.maven.apache.org/maven2/commons-lang/commons-lang/2.1/commons-lang-2.1.pom
2021-12-30 15:15:02,262 [Worker-4: Creating project "simple-maven-model"] INFO  o.e.m.c.i.e.AbstractTransferListenerAdapter - Downloaded https://repo.maven.apache.org/maven2/commons-lang/commons-lang/2.1/commons-lang-2.1.pom
2021-12-30 15:15:02,450 [Worker-4: Creating project "simple-maven-model"] INFO  o.e.m.c.i.e.AbstractTransferListenerAdapter - Downloading https://repo.maven.apache.org/maven2/commons-lang/commons-lang/2.1/commons-lang-2.1.jar
2021-12-30 15:15:04,438 [Worker-4: Creating project "simple-maven-model"] INFO  o.e.m.c.i.e.AbstractTransferListenerAdapter - Downloaded https://repo.maven.apache.org/maven2/commons-lang/commons-lang/2.1/commons-lang-2.1.jar
2021-12-30 15:15:05,461 [Worker-4: Creating project "simple-maven-model"] INFO  o.e.m.j.i.AbstractJavaProjectConfigurator - Adding source folder /simple-maven-model/src/main/java
2021-12-30 15:15:05,463 [Worker-4: Creating project "simple-maven-model"] INFO  o.e.m.j.i.AbstractJavaProjectConfigurator - Adding resource folder /simple-maven-model/src/main/resources
2021-12-30 15:15:05,465 [Worker-4: Creating project "simple-maven-model"] INFO  o.e.m.j.i.AbstractJavaProjectConfigurator - Adding source folder /simple-maven-model/src/test/java
2021-12-30 15:15:05,465 [Worker-4: Creating project "simple-maven-model"] INFO  o.e.m.j.i.AbstractJavaProjectConfigurator - Adding resource folder /simple-maven-model/src/test/resources
2021-12-30 15:15:07,191 [Worker-1: Building] WARN  o.e.m.c.i.embedder.EclipseLogger - Using platform encoding (Cp1252 actually) to copy filtered resources, i.e. build is platform dependent!
2021-12-30 15:15:07,197 [Worker-1: Building] INFO  o.e.m.c.i.embedder.EclipseLogger - Copying 0 resource
2021-12-30 15:15:07,200 [Worker-1: Building] WARN  o.e.m.c.i.embedder.EclipseLogger - Using platform encoding (Cp1252 actually) to copy filtered resources, i.e. build is platform dependent!
2021-12-30 15:15:07,201 [Worker-1: Building] INFO  o.e.m.c.i.embedder.EclipseLogger - Copying 0 resource
2021-12-30 15:15:33,912 [Worker-7: Building] WARN  o.e.m.c.i.embedder.EclipseLogger - Using platform encoding (Cp1252 actually) to copy filtered resources, i.e. build is platform dependent!
2021-12-30 15:15:33,916 [Worker-7: Building] INFO  o.e.m.c.i.embedder.EclipseLogger - Copying 0 resource
2021-12-30 15:15:33,918 [Worker-7: Building] WARN  o.e.m.c.i.embedder.EclipseLogger - Using platform encoding (Cp1252 actually) to copy filtered resources, i.e. build is platform dependent!
2021-12-30 15:15:33,920 [Worker-7: Building] INFO  o.e.m.c.i.embedder.EclipseLogger - Copying 0 resource
2021-12-30 15:15:43,829 [Worker-4: Building] WARN  o.e.m.c.i.embedder.EclipseLogger - Using platform encoding (Cp1252 actually) to copy filtered resources, i.e. build is platform dependent!
2021-12-30 15:15:43,834 [Worker-4: Building] INFO  o.e.m.c.i.embedder.EclipseLogger - Copying 0 resource
2021-12-30 15:15:43,837 [Worker-4: Building] WARN  o.e.m.c.i.embedder.EclipseLogger - Using platform encoding (Cp1252 actually) to copy filtered resources, i.e. build is platform dependent!
2021-12-30 15:15:43,839 [Worker-4: Building] INFO  o.e.m.c.i.embedder.EclipseLogger - Copying 0 resource
2021-12-30 15:15:54,946 [Worker-4: Building] WARN  o.e.m.c.i.embedder.EclipseLogger - Using platform encoding (Cp1252 actually) to copy filtered resources, i.e. build is platform dependent!
2021-12-30 15:15:54,950 [Worker-4: Building] INFO  o.e.m.c.i.embedder.EclipseLogger - Copying 0 resource
2021-12-30 15:15:54,953 [Worker-4: Building] WARN  o.e.m.c.i.embedder.EclipseLogger - Using platform encoding (Cp1252 actually) to copy filtered resources, i.e. build is platform dependent!
2021-12-30 15:15:54,955 [Worker-4: Building] INFO  o.e.m.c.i.embedder.EclipseLogger - Copying 0 resource
2021-12-30 15:15:55,972 [Worker-2: Building] WARN  o.e.m.c.i.embedder.EclipseLogger - Using platform encoding (Cp1252 actually) to copy filtered resources, i.e. build is platform dependent!
2021-12-30 15:15:55,975 [Worker-2: Building] INFO  o.e.m.c.i.embedder.EclipseLogger - Copying 0 resource
2021-12-30 15:15:55,986 [Worker-2: Building] WARN  o.e.m.c.i.embedder.EclipseLogger - Using platform encoding (Cp1252 actually) to copy filtered resources, i.e. build is platform dependent!
2021-12-30 15:15:55,988 [Worker-2: Building] INFO  o.e.m.c.i.embedder.EclipseLogger - Copying 0 resource
2021-12-30 15:16:40,678 [Worker-4: Building] WARN  o.e.m.c.i.embedder.EclipseLogger - Using platform encoding (Cp1252 actually) to copy filtered resources, i.e. build is platform dependent!
2021-12-30 15:16:40,680 [Worker-4: Building] INFO  o.e.m.c.i.embedder.EclipseLogger - Copying 0 resource
2021-12-30 15:16:40,682 [Worker-4: Building] WARN  o.e.m.c.i.embedder.EclipseLogger - Using platform encoding (Cp1252 actually) to copy filtered resources, i.e. build is platform dependent!
2021-12-30 15:16:40,684 [Worker-4: Building] INFO  o.e.m.c.i.embedder.EclipseLogger - Copying 0 resource
2021-12-30 15:17:42,699 [Worker-1: Creating project "simple-ejemplo-app"] INFO  o.e.m.c.i.l.LifecycleMappingFactory - Using org.eclipse.m2e.jdt.JarLifecycleMapping lifecycle mapping for MavenProject: com.ejemplo.app:simple-ejemplo-app:0.0.1-SNAPSHOT @ C:\Users\ALEXANDER\eclipse-workspace\Combinado\simple-ejemplo-app\pom.xml.
2021-12-30 15:17:42,747 [Worker-1: Creating project "simple-ejemplo-app"] INFO  o.e.m.j.i.AbstractJavaProjectConfigurator - Adding source folder /simple-ejemplo-app/src/main/java
2021-12-30 15:17:42,748 [Worker-1: Creating project "simple-ejemplo-app"] INFO  o.e.m.j.i.AbstractJavaProjectConfigurator - Adding resource folder /simple-ejemplo-app/src/main/resources
2021-12-30 15:17:42,749 [Worker-1: Creating project "simple-ejemplo-app"] INFO  o.e.m.j.i.AbstractJavaProjectConfigurator - Adding source folder /simple-ejemplo-app/src/test/java
2021-12-30 15:17:42,750 [Worker-1: Creating project "simple-ejemplo-app"] INFO  o.e.m.j.i.AbstractJavaProjectConfigurator - Adding resource folder /simple-ejemplo-app/src/test/resources
2021-12-30 15:17:43,087 [Worker-1: Building] WARN  o.e.m.c.i.embedder.EclipseLogger - Using platform encoding (Cp1252 actually) to copy filtered resources, i.e. build is platform dependent!
2021-12-30 15:17:43,090 [Worker-1: Building] INFO  o.e.m.c.i.embedder.EclipseLogger - Copying 0 resource
2021-12-30 15:17:43,094 [Worker-1: Building] WARN  o.e.m.c.i.embedder.EclipseLogger - Using platform encoding (Cp1252 actually) to copy filtered resources, i.e. build is platform dependent!
2021-12-30 15:17:43,100 [Worker-1: Building] INFO  o.e.m.c.i.embedder.EclipseLogger - Copying 0 resource
2021-12-30 15:18:29,700 [Worker-11: Building] WARN  o.e.m.c.i.embedder.EclipseLogger - Using platform encoding (Cp1252 actually) to copy filtered resources, i.e. build is platform dependent!
2021-12-30 15:18:29,703 [Worker-11: Building] INFO  o.e.m.c.i.embedder.EclipseLogger - Copying 0 resource
2021-12-30 15:18:29,714 [Worker-11: Building] WARN  o.e.m.c.i.embedder.EclipseLogger - Using platform encoding (Cp1252 actually) to copy filtered resources, i.e. build is platform dependent!
2021-12-30 15:18:29,716 [Worker-11: Building] INFO  o.e.m.c.i.embedder.EclipseLogger - Copying 0 resource
2021-12-30 15:18:39,197 [Worker-1: Building] WARN  o.e.m.c.i.embedder.EclipseLogger - Using platform encoding (Cp1252 actually) to copy filtered resources, i.e. build is platform dependent!
2021-12-30 15:18:39,200 [Worker-1: Building] INFO  o.e.m.c.i.embedder.EclipseLogger - Copying 0 resource
2021-12-30 15:18:39,202 [Worker-1: Building] WARN  o.e.m.c.i.embedder.EclipseLogger - Using platform encoding (Cp1252 actually) to copy filtered resources, i.e. build is platform dependent!
2021-12-30 15:18:39,203 [Worker-1: Building] INFO  o.e.m.c.i.embedder.EclipseLogger - Copying 0 resource
2021-12-30 15:26:03,740 [Worker-2: Building] INFO  o.e.m.c.i.l.LifecycleMappingFactory - Using org.eclipse.m2e.jdt.JarLifecycleMapping lifecycle mapping for MavenProject: com.ejemplo.app:simple-ejemplo-app:0.0.1-SNAPSHOT @ C:\Users\ALEXANDER\eclipse-workspace\Combinado\simple-ejemplo-app\pom.xml.
2021-12-30 15:26:03,751 [Worker-2: Building] WARN  o.e.m.c.i.embedder.EclipseLogger - The POM for com.ejemplo.model:simple-ejemplo-app:jar:0.0.1-SNAPSHOT is missing, no dependency information available
2021-12-30 15:26:03,816 [Worker-2: Building] WARN  o.e.m.c.i.embedder.EclipseLogger - Using platform encoding (Cp1252 actually) to copy filtered resources, i.e. build is platform dependent!
2021-12-30 15:26:03,818 [Worker-2: Building] INFO  o.e.m.c.i.embedder.EclipseLogger - Copying 0 resource
2021-12-30 15:26:03,820 [Worker-2: Building] WARN  o.e.m.c.i.embedder.EclipseLogger - Using platform encoding (Cp1252 actually) to copy filtered resources, i.e. build is platform dependent!
2021-12-30 15:26:03,822 [Worker-2: Building] INFO  o.e.m.c.i.embedder.EclipseLogger - Copying 0 resource
2021-12-30 15:26:04,873 [Worker-14: Download sources and javadoc] WARN  o.e.m.c.i.embedder.EclipseLogger - The POM for com.ejemplo.model:simple-ejemplo-app:jar:0.0.1-SNAPSHOT is missing, no dependency information available
2021-12-30 15:26:04,897 [Worker-14: Download sources and javadoc] ERROR o.e.m.j.internal.DownloadSourcesJob - Could not download sources for com.ejemplo.model:simple-ejemplo-app:0.0.1-SNAPSHOT
org.eclipse.core.runtime.CoreException: Could not resolve artifact com.ejemplo.model:simple-ejemplo-app:jar:sources:0.0.1-SNAPSHOT
	at org.eclipse.m2e.core.internal.embedder.MavenImpl.lambda$4(MavenImpl.java:804)
	at org.eclipse.m2e.core.internal.embedder.MavenExecutionContext.executeBare(MavenExecutionContext.java:179)
	at org.eclipse.m2e.core.internal.embedder.MavenExecutionContext.execute(MavenExecutionContext.java:114)
	at org.eclipse.m2e.core.internal.embedder.MavenExecutionContext.execute(MavenExecutionContext.java:101)
	at org.eclipse.m2e.core.internal.embedder.MavenImpl.resolve(MavenImpl.java:772)
	at org.eclipse.m2e.core.internal.embedder.MavenImpl.resolve(MavenImpl.java:749)
	at org.eclipse.m2e.jdt.internal.DownloadSourcesJob.download(DownloadSourcesJob.java:330)
	at org.eclipse.m2e.jdt.internal.DownloadSourcesJob.downloadAttachments(DownloadSourcesJob.java:304)
	at org.eclipse.m2e.jdt.internal.DownloadSourcesJob.downloadMaven(DownloadSourcesJob.java:269)
	at org.eclipse.m2e.jdt.internal.DownloadSourcesJob.downloadFilesAndPopulateToUpdate(DownloadSourcesJob.java:233)
	at org.eclipse.m2e.jdt.internal.DownloadSourcesJob.lambda$0(DownloadSourcesJob.java:161)
	at org.eclipse.m2e.core.internal.embedder.MavenExecutionContext.executeBare(MavenExecutionContext.java:179)
	at org.eclipse.m2e.core.internal.embedder.MavenExecutionContext.execute(MavenExecutionContext.java:153)
	at org.eclipse.m2e.core.internal.embedder.MavenExecutionContext.execute(MavenExecutionContext.java:101)
	at org.eclipse.m2e.core.internal.embedder.MavenImpl.execute(MavenImpl.java:1374)
	at org.eclipse.m2e.jdt.internal.DownloadSourcesJob.run(DownloadSourcesJob.java:161)
	at org.eclipse.core.internal.jobs.Worker.run(Worker.java:63)
2021-12-30 15:26:51,101 [Worker-13: Building] INFO  o.e.m.c.i.l.LifecycleMappingFactory - Using org.eclipse.m2e.jdt.JarLifecycleMapping lifecycle mapping for MavenProject: com.ejemplo.app:simple-ejemplo-app:0.0.1-SNAPSHOT @ C:\Users\ALEXANDER\eclipse-workspace\Combinado\simple-ejemplo-app\pom.xml.
2021-12-30 15:26:51,104 [Worker-13: Building] WARN  o.e.m.c.i.embedder.EclipseLogger - The POM for com.ejemplo.model:simple-ejemplo-app:jar:0.0.1-SNAPSHOT is missing, no dependency information available
2021-12-30 15:26:51,148 [Worker-13: Building] WARN  o.e.m.c.i.embedder.EclipseLogger - Using platform encoding (Cp1252 actually) to copy filtered resources, i.e. build is platform dependent!
2021-12-30 15:26:51,150 [Worker-13: Building] INFO  o.e.m.c.i.embedder.EclipseLogger - Copying 0 resource
2021-12-30 15:26:51,151 [Worker-13: Building] WARN  o.e.m.c.i.embedder.EclipseLogger - Using platform encoding (Cp1252 actually) to copy filtered resources, i.e. build is platform dependent!
2021-12-30 15:26:51,154 [Worker-13: Building] INFO  o.e.m.c.i.embedder.EclipseLogger - Copying 0 resource
2021-12-30 15:26:52,201 [Worker-16: Download sources and javadoc] WARN  o.e.m.c.i.embedder.EclipseLogger - The POM for com.ejemplo.model:simple-ejemplo-app:jar:0.0.1-SNAPSHOT is missing, no dependency information available
2021-12-30 15:26:52,214 [Worker-16: Download sources and javadoc] ERROR o.e.m.j.internal.DownloadSourcesJob - Could not download javadoc for com.ejemplo.model:simple-ejemplo-app:0.0.1-SNAPSHOT
org.eclipse.core.runtime.CoreException: Could not resolve artifact com.ejemplo.model:simple-ejemplo-app:jar:javadoc:0.0.1-SNAPSHOT
	at org.eclipse.m2e.core.internal.embedder.MavenImpl.lambda$4(MavenImpl.java:804)
	at org.eclipse.m2e.core.internal.embedder.MavenExecutionContext.executeBare(MavenExecutionContext.java:179)
	at org.eclipse.m2e.core.internal.embedder.MavenExecutionContext.execute(MavenExecutionContext.java:114)
	at org.eclipse.m2e.core.internal.embedder.MavenExecutionContext.execute(MavenExecutionContext.java:101)
	at org.eclipse.m2e.core.internal.embedder.MavenImpl.resolve(MavenImpl.java:772)
	at org.eclipse.m2e.core.internal.embedder.MavenImpl.resolve(MavenImpl.java:749)
	at org.eclipse.m2e.jdt.internal.DownloadSourcesJob.download(DownloadSourcesJob.java:330)
	at org.eclipse.m2e.jdt.internal.DownloadSourcesJob.downloadAttachments(DownloadSourcesJob.java:316)
	at org.eclipse.m2e.jdt.internal.DownloadSourcesJob.downloadMaven(DownloadSourcesJob.java:269)
	at org.eclipse.m2e.jdt.internal.DownloadSourcesJob.downloadFilesAndPopulateToUpdate(DownloadSourcesJob.java:233)
	at org.eclipse.m2e.jdt.internal.DownloadSourcesJob.lambda$0(DownloadSourcesJob.java:161)
	at org.eclipse.m2e.core.internal.embedder.MavenExecutionContext.executeBare(MavenExecutionContext.java:179)
	at org.eclipse.m2e.core.internal.embedder.MavenExecutionContext.execute(MavenExecutionContext.java:153)
	at org.eclipse.m2e.core.internal.embedder.MavenExecutionContext.execute(MavenExecutionContext.java:101)
	at org.eclipse.m2e.core.internal.embedder.MavenImpl.execute(MavenImpl.java:1374)
	at org.eclipse.m2e.jdt.internal.DownloadSourcesJob.run(DownloadSourcesJob.java:161)
	at org.eclipse.core.internal.jobs.Worker.run(Worker.java:63)
2021-12-30 15:27:17,047 [Worker-15: Building] INFO  o.e.m.c.i.l.LifecycleMappingFactory - Using org.eclipse.m2e.jdt.JarLifecycleMapping lifecycle mapping for MavenProject: com.ejemplo.app:simple-ejemplo-app:0.0.1-SNAPSHOT @ C:\Users\ALEXANDER\eclipse-workspace\Combinado\simple-ejemplo-app\pom.xml.
2021-12-30 15:27:17,067 [Worker-15: Building] INFO  o.e.m.c.i.p.WorkspaceClassifierResolverManager - Resolving P/simple-maven-model: com.ejemplo.model:simple-maven-model:0.0.1-SNAPSHOT with classifier  to /simple-maven-model/target/classes
2021-12-30 15:27:17,108 [Worker-15: Building] WARN  o.e.m.c.i.embedder.EclipseLogger - Using platform encoding (Cp1252 actually) to copy filtered resources, i.e. build is platform dependent!
2021-12-30 15:27:17,110 [Worker-15: Building] INFO  o.e.m.c.i.embedder.EclipseLogger - Copying 0 resource
2021-12-30 15:27:17,112 [Worker-15: Building] WARN  o.e.m.c.i.embedder.EclipseLogger - Using platform encoding (Cp1252 actually) to copy filtered resources, i.e. build is platform dependent!
2021-12-30 15:27:17,114 [Worker-15: Building] INFO  o.e.m.c.i.embedder.EclipseLogger - Copying 0 resource
2021-12-30 15:27:18,376 [Worker-13: Building] INFO  o.e.m.c.i.p.WorkspaceClassifierResolverManager - Resolving P/simple-maven-model: com.ejemplo.model:simple-maven-model:0.0.1-SNAPSHOT with classifier  to /simple-maven-model/target/classes
2021-12-30 15:27:18,380 [Worker-13: Building] WARN  o.e.m.c.i.embedder.EclipseLogger - Using platform encoding (Cp1252 actually) to copy filtered resources, i.e. build is platform dependent!
2021-12-30 15:27:18,383 [Worker-13: Building] INFO  o.e.m.c.i.embedder.EclipseLogger - Copying 0 resource
2021-12-30 15:27:18,387 [Worker-13: Building] WARN  o.e.m.c.i.embedder.EclipseLogger - Using platform encoding (Cp1252 actually) to copy filtered resources, i.e. build is platform dependent!
2021-12-30 15:27:18,389 [Worker-13: Building] INFO  o.e.m.c.i.embedder.EclipseLogger - Copying 0 resource
2021-12-30 15:28:00,142 [Worker-2: Building] INFO  o.e.m.c.i.l.LifecycleMappingFactory - Using org.eclipse.m2e.jdt.JarLifecycleMapping lifecycle mapping for MavenProject: com.ejemplo.model:simple-maven-model:0.0.1-SNAPSHOT @ C:\Users\ALEXANDER\eclipse-workspace\Combinado\simple-maven-model\pom.xml.
2021-12-30 15:28:00,189 [Worker-2: Building] WARN  o.e.m.c.i.embedder.EclipseLogger - Using platform encoding (Cp1252 actually) to copy filtered resources, i.e. build is platform dependent!
2021-12-30 15:28:00,192 [Worker-2: Building] INFO  o.e.m.c.i.embedder.EclipseLogger - Copying 0 resource
2021-12-30 15:28:00,194 [Worker-2: Building] WARN  o.e.m.c.i.embedder.EclipseLogger - Using platform encoding (Cp1252 actually) to copy filtered resources, i.e. build is platform dependent!
2021-12-30 15:28:00,197 [Worker-2: Building] INFO  o.e.m.c.i.embedder.EclipseLogger - Copying 0 resource
2021-12-30 15:28:31,100 [Worker-2: Updating Maven Project] INFO  o.e.m.c.i.p.ProjectConfigurationManager - Update started
2021-12-30 15:28:31,541 [Worker-2: Updating Maven Project] INFO  o.e.m.c.i.l.LifecycleMappingFactory - Using org.eclipse.m2e.jdt.JarLifecycleMapping lifecycle mapping for MavenProject: com.ejemplo.app:simple-ejemplo-app:0.0.1-SNAPSHOT @ C:\Users\ALEXANDER\eclipse-workspace\Combinado\simple-ejemplo-app\pom.xml.
2021-12-30 15:28:31,544 [Worker-2: Updating Maven Project] INFO  o.e.m.c.i.p.WorkspaceClassifierResolverManager - Resolving P/simple-maven-model: com.ejemplo.model:simple-maven-model:0.0.1-SNAPSHOT with classifier  to /simple-maven-model/target/classes
2021-12-30 15:28:31,596 [Worker-2: Updating Maven Project] INFO  o.e.m.c.i.l.LifecycleMappingFactory - Using org.eclipse.m2e.jdt.JarLifecycleMapping lifecycle mapping for MavenProject: com.ejemplo.model:simple-maven-model:0.0.1-SNAPSHOT @ C:\Users\ALEXANDER\eclipse-workspace\Combinado\simple-maven-model\pom.xml.
2021-12-30 15:28:32,001 [Worker-2: Updating Maven Project] INFO  o.e.m.j.i.AbstractJavaProjectConfigurator - Adding source folder /simple-ejemplo-app/src/main/java
2021-12-30 15:28:32,002 [Worker-2: Updating Maven Project] INFO  o.e.m.j.i.AbstractJavaProjectConfigurator - Adding resource folder /simple-ejemplo-app/src/main/resources
2021-12-30 15:28:32,003 [Worker-2: Updating Maven Project] INFO  o.e.m.j.i.AbstractJavaProjectConfigurator - Adding source folder /simple-ejemplo-app/src/test/java
2021-12-30 15:28:32,003 [Worker-2: Updating Maven Project] INFO  o.e.m.j.i.AbstractJavaProjectConfigurator - Adding resource folder /simple-ejemplo-app/src/test/resources
2021-12-30 15:28:32,047 [Worker-2: Updating Maven Project] INFO  o.e.m.j.i.AbstractJavaProjectConfigurator - Adding source folder /simple-maven-model/src/main/java
2021-12-30 15:28:32,048 [Worker-2: Updating Maven Project] INFO  o.e.m.j.i.AbstractJavaProjectConfigurator - Adding resource folder /simple-maven-model/src/main/resources
2021-12-30 15:28:32,049 [Worker-2: Updating Maven Project] INFO  o.e.m.j.i.AbstractJavaProjectConfigurator - Adding source folder /simple-maven-model/src/test/java
2021-12-30 15:28:32,049 [Worker-2: Updating Maven Project] INFO  o.e.m.j.i.AbstractJavaProjectConfigurator - Adding resource folder /simple-maven-model/src/test/resources
2021-12-30 15:28:32,256 [Worker-2: Updating Maven Project] INFO  o.e.m.c.i.p.ProjectConfigurationManager - Update completed: 1 sec
2021-12-30 15:28:32,383 [Worker-16: Building] INFO  o.e.m.c.i.p.WorkspaceClassifierResolverManager - Resolving P/simple-maven-model: com.ejemplo.model:simple-maven-model:0.0.1-SNAPSHOT with classifier  to /simple-maven-model/target/classes
2021-12-30 15:28:32,402 [Worker-16: Building] WARN  o.e.m.c.i.embedder.EclipseLogger - Using platform encoding (Cp1252 actually) to copy filtered resources, i.e. build is platform dependent!
2021-12-30 15:28:32,404 [Worker-16: Building] INFO  o.e.m.c.i.embedder.EclipseLogger - Copying 0 resource
2021-12-30 15:28:32,407 [Worker-16: Building] WARN  o.e.m.c.i.embedder.EclipseLogger - Using platform encoding (Cp1252 actually) to copy filtered resources, i.e. build is platform dependent!
2021-12-30 15:28:32,409 [Worker-16: Building] INFO  o.e.m.c.i.embedder.EclipseLogger - Copying 0 resource
2021-12-30 15:28:32,565 [Worker-16: Building] WARN  o.e.m.c.i.embedder.EclipseLogger - Using platform encoding (Cp1252 actually) to copy filtered resources, i.e. build is platform dependent!
2021-12-30 15:28:32,567 [Worker-16: Building] INFO  o.e.m.c.i.embedder.EclipseLogger - Copying 0 resource
2021-12-30 15:28:32,570 [Worker-16: Building] WARN  o.e.m.c.i.embedder.EclipseLogger - Using platform encoding (Cp1252 actually) to copy filtered resources, i.e. build is platform dependent!
2021-12-30 15:28:32,572 [Worker-16: Building] INFO  o.e.m.c.i.embedder.EclipseLogger - Copying 0 resource
2021-12-30 15:28:33,696 [Worker-16: Building] WARN  o.e.m.c.i.embedder.EclipseLogger - Using platform encoding (Cp1252 actually) to copy filtered resources, i.e. build is platform dependent!
2021-12-30 15:28:33,700 [Worker-16: Building] INFO  o.e.m.c.i.embedder.EclipseLogger - Copying 0 resource
2021-12-30 15:28:33,702 [Worker-16: Building] WARN  o.e.m.c.i.embedder.EclipseLogger - Using platform encoding (Cp1252 actually) to copy filtered resources, i.e. build is platform dependent!
2021-12-30 15:28:33,708 [Worker-16: Building] INFO  o.e.m.c.i.embedder.EclipseLogger - Copying 0 resource
2021-12-30 15:29:25,050 [Worker-17: Building] WARN  o.e.m.c.i.embedder.EclipseLogger - Using platform encoding (Cp1252 actually) to copy filtered resources, i.e. build is platform dependent!
2021-12-30 15:29:25,052 [Worker-17: Building] INFO  o.e.m.c.i.embedder.EclipseLogger - Copying 0 resource
2021-12-30 15:29:25,054 [Worker-17: Building] WARN  o.e.m.c.i.embedder.EclipseLogger - Using platform encoding (Cp1252 actually) to copy filtered resources, i.e. build is platform dependent!
2021-12-30 15:29:25,056 [Worker-17: Building] INFO  o.e.m.c.i.embedder.EclipseLogger - Copying 0 resource
2021-12-30 15:29:51,583 [Worker-2: Building] WARN  o.e.m.c.i.embedder.EclipseLogger - Using platform encoding (Cp1252 actually) to copy filtered resources, i.e. build is platform dependent!
2021-12-30 15:29:51,586 [Worker-2: Building] INFO  o.e.m.c.i.embedder.EclipseLogger - Copying 0 resource
2021-12-30 15:29:51,588 [Worker-2: Building] WARN  o.e.m.c.i.embedder.EclipseLogger - Using platform encoding (Cp1252 actually) to copy filtered resources, i.e. build is platform dependent!
2021-12-30 15:29:51,590 [Worker-2: Building] INFO  o.e.m.c.i.embedder.EclipseLogger - Copying 0 resource
2021-12-30 15:30:03,628 [Worker-16: Building] WARN  o.e.m.c.i.embedder.EclipseLogger - Using platform encoding (Cp1252 actually) to copy filtered resources, i.e. build is platform dependent!
2021-12-30 15:30:03,630 [Worker-16: Building] INFO  o.e.m.c.i.embedder.EclipseLogger - Copying 0 resource
2021-12-30 15:30:03,632 [Worker-16: Building] WARN  o.e.m.c.i.embedder.EclipseLogger - Using platform encoding (Cp1252 actually) to copy filtered resources, i.e. build is platform dependent!
2021-12-30 15:30:03,634 [Worker-16: Building] INFO  o.e.m.c.i.embedder.EclipseLogger - Copying 0 resource
2021-12-30 15:30:16,516 [Worker-16: Building] WARN  o.e.m.c.i.embedder.EclipseLogger - Using platform encoding (Cp1252 actually) to copy filtered resources, i.e. build is platform dependent!
2021-12-30 15:30:16,521 [Worker-16: Building] INFO  o.e.m.c.i.embedder.EclipseLogger - Copying 0 resource
2021-12-30 15:30:16,523 [Worker-16: Building] WARN  o.e.m.c.i.embedder.EclipseLogger - Using platform encoding (Cp1252 actually) to copy filtered resources, i.e. build is platform dependent!
2021-12-30 15:30:16,525 [Worker-16: Building] INFO  o.e.m.c.i.embedder.EclipseLogger - Copying 0 resource
2021-12-30 15:30:24,581 [Worker-14: Launching App] WARN  o.e.m.c.i.embedder.EclipseLogger - Using platform encoding (Cp1252 actually) to copy filtered resources, i.e. build is platform dependent!
2021-12-30 15:30:24,584 [Worker-14: Launching App] INFO  o.e.m.c.i.embedder.EclipseLogger - Copying 0 resource
2021-12-30 15:30:24,587 [Worker-14: Launching App] WARN  o.e.m.c.i.embedder.EclipseLogger - Using platform encoding (Cp1252 actually) to copy filtered resources, i.e. build is platform dependent!
2021-12-30 15:30:24,589 [Worker-14: Launching App] INFO  o.e.m.c.i.embedder.EclipseLogger - Copying 0 resource
2021-12-30 15:30:24,653 [Worker-14: Launching App] INFO  o.e.m.c.i.p.WorkspaceClassifierResolverManager - Resolving P/simple-maven-model: com.ejemplo.model:simple-maven-model:0.0.1-SNAPSHOT with classifier null to /simple-maven-model/target/classes
2021-12-30 15:30:24,662 [Worker-14: Launching App] INFO  o.e.m.c.i.p.WorkspaceClassifierResolverManager - Resolving P/simple-maven-model: com.ejemplo.model:simple-maven-model:0.0.1-SNAPSHOT with classifier null to /simple-maven-model/target/classes
2021-12-30 15:30:24,670 [Worker-14: Launching App] INFO  o.e.m.c.i.p.WorkspaceClassifierResolverManager - Resolving P/simple-maven-model: com.ejemplo.model:simple-maven-model:0.0.1-SNAPSHOT with classifier null to /simple-maven-model/target/classes
2021-12-30 15:49:26,840 [ModalContext] INFO  o.e.m.c.i.e.AbstractTransferListenerAdapter - Downloading https://repo.maven.apache.org/maven2/org/apache/maven/plugins/maven-antrun-plugin/1.1/maven-antrun-plugin-1.1.pom
2021-12-30 15:49:27,000 [ModalContext] INFO  o.e.m.c.i.e.AbstractTransferListenerAdapter - Downloaded https://repo.maven.apache.org/maven2/org/apache/maven/plugins/maven-antrun-plugin/1.1/maven-antrun-plugin-1.1.pom
2021-12-30 15:49:27,099 [ModalContext] INFO  o.e.m.c.i.e.AbstractTransferListenerAdapter - Downloading https://repo.maven.apache.org/maven2/org/apache/maven/plugins/maven-plugin-parent/2.0.1/maven-plugin-parent-2.0.1.pom
2021-12-30 15:49:27,200 [ModalContext] INFO  o.e.m.c.i.e.AbstractTransferListenerAdapter - Downloaded https://repo.maven.apache.org/maven2/org/apache/maven/plugins/maven-plugin-parent/2.0.1/maven-plugin-parent-2.0.1.pom
2021-12-30 15:49:27,283 [ModalContext] INFO  o.e.m.c.i.e.AbstractTransferListenerAdapter - Downloading https://repo.maven.apache.org/maven2/org/apache/maven/plugins/maven-antrun-plugin/1.1/maven-antrun-plugin-1.1.jar
2021-12-30 15:49:27,557 [ModalContext] INFO  o.e.m.c.i.e.AbstractTransferListenerAdapter - Downloaded https://repo.maven.apache.org/maven2/org/apache/maven/plugins/maven-antrun-plugin/1.1/maven-antrun-plugin-1.1.jar
2021-12-30 15:49:27,712 [ModalContext] INFO  o.e.m.c.i.e.AbstractTransferListenerAdapter - Downloading https://repo.maven.apache.org/maven2/org/apache/maven/maven-project/2.0.1/maven-project-2.0.1.pom
2021-12-30 15:49:27,814 [ModalContext] INFO  o.e.m.c.i.e.AbstractTransferListenerAdapter - Downloaded https://repo.maven.apache.org/maven2/org/apache/maven/maven-project/2.0.1/maven-project-2.0.1.pom
2021-12-30 15:49:27,886 [ModalContext] INFO  o.e.m.c.i.e.AbstractTransferListenerAdapter - Downloading https://repo.maven.apache.org/maven2/org/apache/maven/maven/2.0.1/maven-2.0.1.pom
2021-12-30 15:49:28,030 [ModalContext] INFO  o.e.m.c.i.e.AbstractTransferListenerAdapter - Downloaded https://repo.maven.apache.org/maven2/org/apache/maven/maven/2.0.1/maven-2.0.1.pom
2021-12-30 15:49:28,114 [ModalContext] INFO  o.e.m.c.i.e.AbstractTransferListenerAdapter - Downloading https://repo.maven.apache.org/maven2/org/apache/maven/maven-profile/2.0.1/maven-profile-2.0.1.pom
2021-12-30 15:49:28,204 [ModalContext] INFO  o.e.m.c.i.e.AbstractTransferListenerAdapter - Downloaded https://repo.maven.apache.org/maven2/org/apache/maven/maven-profile/2.0.1/maven-profile-2.0.1.pom
2021-12-30 15:49:28,367 [ModalContext] INFO  o.e.m.c.i.e.AbstractTransferListenerAdapter - Downloading https://repo.maven.apache.org/maven2/org/apache/maven/maven-model/2.0.1/maven-model-2.0.1.pom
2021-12-30 15:49:28,474 [ModalContext] INFO  o.e.m.c.i.e.AbstractTransferListenerAdapter - Downloaded https://repo.maven.apache.org/maven2/org/apache/maven/maven-model/2.0.1/maven-model-2.0.1.pom
2021-12-30 15:49:28,552 [ModalContext] INFO  o.e.m.c.i.e.AbstractTransferListenerAdapter - Downloading https://repo.maven.apache.org/maven2/org/codehaus/plexus/plexus-utils/1.0.5/plexus-utils-1.0.5.pom
2021-12-30 15:49:28,636 [ModalContext] INFO  o.e.m.c.i.e.AbstractTransferListenerAdapter - Downloaded https://repo.maven.apache.org/maven2/org/codehaus/plexus/plexus-utils/1.0.5/plexus-utils-1.0.5.pom
2021-12-30 15:49:28,744 [ModalContext] INFO  o.e.m.c.i.e.AbstractTransferListenerAdapter - Downloading https://repo.maven.apache.org/maven2/org/codehaus/plexus/plexus-container-default/1.0-alpha-8/plexus-container-default-1.0-alpha-8.pom
2021-12-30 15:49:28,854 [ModalContext] INFO  o.e.m.c.i.e.AbstractTransferListenerAdapter - Downloaded https://repo.maven.apache.org/maven2/org/codehaus/plexus/plexus-container-default/1.0-alpha-8/plexus-container-default-1.0-alpha-8.pom
2021-12-30 15:49:28,932 [ModalContext] INFO  o.e.m.c.i.e.AbstractTransferListenerAdapter - Downloading https://repo.maven.apache.org/maven2/org/apache/maven/maven-artifact-manager/2.0.1/maven-artifact-manager-2.0.1.pom
2021-12-30 15:49:29,048 [ModalContext] INFO  o.e.m.c.i.e.AbstractTransferListenerAdapter - Downloaded https://repo.maven.apache.org/maven2/org/apache/maven/maven-artifact-manager/2.0.1/maven-artifact-manager-2.0.1.pom
2021-12-30 15:49:29,126 [ModalContext] INFO  o.e.m.c.i.e.AbstractTransferListenerAdapter - Downloading https://repo.maven.apache.org/maven2/org/apache/maven/maven-repository-metadata/2.0.1/maven-repository-metadata-2.0.1.pom
2021-12-30 15:49:29,215 [ModalContext] INFO  o.e.m.c.i.e.AbstractTransferListenerAdapter - Downloaded https://repo.maven.apache.org/maven2/org/apache/maven/maven-repository-metadata/2.0.1/maven-repository-metadata-2.0.1.pom
2021-12-30 15:49:29,294 [ModalContext] INFO  o.e.m.c.i.e.AbstractTransferListenerAdapter - Downloading https://repo.maven.apache.org/maven2/org/apache/maven/maven-artifact/2.0.1/maven-artifact-2.0.1.pom
2021-12-30 15:49:29,385 [ModalContext] INFO  o.e.m.c.i.e.AbstractTransferListenerAdapter - Downloaded https://repo.maven.apache.org/maven2/org/apache/maven/maven-artifact/2.0.1/maven-artifact-2.0.1.pom
2021-12-30 15:49:29,527 [ModalContext] INFO  o.e.m.c.i.e.AbstractTransferListenerAdapter - Downloading https://repo.maven.apache.org/maven2/ant/ant-launcher/1.6.5/ant-launcher-1.6.5.pom
2021-12-30 15:49:29,625 [ModalContext] INFO  o.e.m.c.i.e.AbstractTransferListenerAdapter - Downloaded https://repo.maven.apache.org/maven2/ant/ant-launcher/1.6.5/ant-launcher-1.6.5.pom
2021-12-30 15:49:29,692 [ModalContext] INFO  o.e.m.c.i.e.AbstractTransferListenerAdapter - Downloading https://repo.maven.apache.org/maven2/ant/ant/1.6.5/ant-1.6.5.pom
2021-12-30 15:49:29,783 [ModalContext] INFO  o.e.m.c.i.e.AbstractTransferListenerAdapter - Downloaded https://repo.maven.apache.org/maven2/ant/ant/1.6.5/ant-1.6.5.pom
2021-12-30 15:49:29,857 [ModalContext] INFO  o.e.m.c.i.e.AbstractTransferListenerAdapter - Downloading https://repo.maven.apache.org/maven2/org/apache/maven/maven-plugin-api/2.0.1/maven-plugin-api-2.0.1.pom
2021-12-30 15:49:29,943 [ModalContext] INFO  o.e.m.c.i.e.AbstractTransferListenerAdapter - Downloaded https://repo.maven.apache.org/maven2/org/apache/maven/maven-plugin-api/2.0.1/maven-plugin-api-2.0.1.pom
2021-12-30 15:49:30,083 [AetherRepositoryConnector-repo.maven.apache.org-0-2] INFO  o.e.m.c.i.e.AbstractTransferListenerAdapter - Downloading https://repo.maven.apache.org/maven2/org/apache/maven/maven-model/2.0.1/maven-model-2.0.1.jar
2021-12-30 15:49:30,140 [AetherRepositoryConnector-repo.maven.apache.org-0-1] INFO  o.e.m.c.i.e.AbstractTransferListenerAdapter - Downloading https://repo.maven.apache.org/maven2/org/apache/maven/maven-profile/2.0.1/maven-profile-2.0.1.jar
2021-12-30 15:49:30,140 [AetherRepositoryConnector-repo.maven.apache.org-0-0] INFO  o.e.m.c.i.e.AbstractTransferListenerAdapter - Downloading https://repo.maven.apache.org/maven2/org/apache/maven/maven-project/2.0.1/maven-project-2.0.1.jar
2021-12-30 15:49:30,140 [AetherRepositoryConnector-repo.maven.apache.org-0-4] INFO  o.e.m.c.i.e.AbstractTransferListenerAdapter - Downloading https://repo.maven.apache.org/maven2/org/apache/maven/maven-repository-metadata/2.0.1/maven-repository-metadata-2.0.1.jar
2021-12-30 15:49:30,140 [AetherRepositoryConnector-repo.maven.apache.org-0-3] INFO  o.e.m.c.i.e.AbstractTransferListenerAdapter - Downloading https://repo.maven.apache.org/maven2/org/apache/maven/maven-artifact-manager/2.0.1/maven-artifact-manager-2.0.1.jar
2021-12-30 15:49:30,349 [AetherRepositoryConnector-repo.maven.apache.org-0-2] INFO  o.e.m.c.i.e.AbstractTransferListenerAdapter - Downloaded https://repo.maven.apache.org/maven2/org/apache/maven/maven-model/2.0.1/maven-model-2.0.1.jar
2021-12-30 15:49:30,418 [AetherRepositoryConnector-repo.maven.apache.org-0-0] INFO  o.e.m.c.i.e.AbstractTransferListenerAdapter - Downloaded https://repo.maven.apache.org/maven2/org/apache/maven/maven-project/2.0.1/maven-project-2.0.1.jar
2021-12-30 15:49:30,418 [AetherRepositoryConnector-repo.maven.apache.org-0-4] INFO  o.e.m.c.i.e.AbstractTransferListenerAdapter - Downloaded https://repo.maven.apache.org/maven2/org/apache/maven/maven-repository-metadata/2.0.1/maven-repository-metadata-2.0.1.jar
2021-12-30 15:49:30,473 [AetherRepositoryConnector-repo.maven.apache.org-0-2] INFO  o.e.m.c.i.e.AbstractTransferListenerAdapter - Downloading https://repo.maven.apache.org/maven2/org/codehaus/plexus/plexus-utils/1.0.5/plexus-utils-1.0.5.jar
2021-12-30 15:49:30,477 [AetherRepositoryConnector-repo.maven.apache.org-0-1] INFO  o.e.m.c.i.e.AbstractTransferListenerAdapter - Downloaded https://repo.maven.apache.org/maven2/org/apache/maven/maven-profile/2.0.1/maven-profile-2.0.1.jar
2021-12-30 15:49:30,524 [AetherRepositoryConnector-repo.maven.apache.org-0-0] INFO  o.e.m.c.i.e.AbstractTransferListenerAdapter - Downloading https://repo.maven.apache.org/maven2/org/apache/maven/maven-artifact/2.0.1/maven-artifact-2.0.1.jar
2021-12-30 15:49:30,658 [AetherRepositoryConnector-repo.maven.apache.org-0-4] INFO  o.e.m.c.i.e.AbstractTransferListenerAdapter - Downloading https://repo.maven.apache.org/maven2/org/codehaus/plexus/plexus-container-default/1.0-alpha-8/plexus-container-default-1.0-alpha-8.jar
2021-12-30 15:49:30,896 [AetherRepositoryConnector-repo.maven.apache.org-0-1] INFO  o.e.m.c.i.e.AbstractTransferListenerAdapter - Downloading https://repo.maven.apache.org/maven2/ant/ant-launcher/1.6.5/ant-launcher-1.6.5.jar
2021-12-30 15:49:30,909 [AetherRepositoryConnector-repo.maven.apache.org-0-3] INFO  o.e.m.c.i.e.AbstractTransferListenerAdapter - Downloaded https://repo.maven.apache.org/maven2/org/apache/maven/maven-artifact-manager/2.0.1/maven-artifact-manager-2.0.1.jar
2021-12-30 15:49:30,919 [AetherRepositoryConnector-repo.maven.apache.org-0-2] INFO  o.e.m.c.i.e.AbstractTransferListenerAdapter - Downloaded https://repo.maven.apache.org/maven2/org/codehaus/plexus/plexus-utils/1.0.5/plexus-utils-1.0.5.jar
2021-12-30 15:49:30,919 [AetherRepositoryConnector-repo.maven.apache.org-0-0] INFO  o.e.m.c.i.e.AbstractTransferListenerAdapter - Downloaded https://repo.maven.apache.org/maven2/org/apache/maven/maven-artifact/2.0.1/maven-artifact-2.0.1.jar
2021-12-30 15:49:31,046 [AetherRepositoryConnector-repo.maven.apache.org-0-3] INFO  o.e.m.c.i.e.AbstractTransferListenerAdapter - Downloading https://repo.maven.apache.org/maven2/ant/ant/1.6.5/ant-1.6.5.jar
2021-12-30 15:49:31,542 [AetherRepositoryConnector-repo.maven.apache.org-0-2] INFO  o.e.m.c.i.e.AbstractTransferListenerAdapter - Downloading https://repo.maven.apache.org/maven2/org/apache/maven/maven-plugin-api/2.0.1/maven-plugin-api-2.0.1.jar
2021-12-30 15:49:31,555 [AetherRepositoryConnector-repo.maven.apache.org-0-1] INFO  o.e.m.c.i.e.AbstractTransferListenerAdapter - Downloaded https://repo.maven.apache.org/maven2/ant/ant-launcher/1.6.5/ant-launcher-1.6.5.jar
2021-12-30 15:49:31,561 [AetherRepositoryConnector-repo.maven.apache.org-0-4] INFO  o.e.m.c.i.e.AbstractTransferListenerAdapter - Downloaded https://repo.maven.apache.org/maven2/org/codehaus/plexus/plexus-container-default/1.0-alpha-8/plexus-container-default-1.0-alpha-8.jar
2021-12-30 15:49:31,845 [AetherRepositoryConnector-repo.maven.apache.org-0-2] INFO  o.e.m.c.i.e.AbstractTransferListenerAdapter - Downloaded https://repo.maven.apache.org/maven2/org/apache/maven/maven-plugin-api/2.0.1/maven-plugin-api-2.0.1.jar
2021-12-30 15:49:31,922 [AetherRepositoryConnector-repo.maven.apache.org-0-3] INFO  o.e.m.c.i.e.AbstractTransferListenerAdapter - Downloaded https://repo.maven.apache.org/maven2/ant/ant/1.6.5/ant-1.6.5.jar
2021-12-30 15:52:24,151 [Worker-19: Building] INFO  o.e.m.c.i.l.LifecycleMappingFactory - Using org.eclipse.m2e.jdt.JarLifecycleMapping lifecycle mapping for MavenProject: com.ejemplo.app:simple-ejemplo-app:0.0.1-SNAPSHOT @ C:\Users\ALEXANDER\eclipse-workspace\Combinado\simple-ejemplo-app\pom.xml.
2021-12-30 15:52:24,154 [Worker-19: Building] INFO  o.e.m.c.i.p.WorkspaceClassifierResolverManager - Resolving P/simple-maven-model: com.ejemplo.model:simple-maven-model:0.0.1-SNAPSHOT with classifier  to /simple-maven-model/target/classes
2021-12-30 15:52:46,649 [Worker-16: Updating Maven Project] INFO  o.e.m.c.i.p.ProjectConfigurationManager - Update started
2021-12-30 15:52:47,043 [Worker-16: Updating Maven Project] INFO  o.e.m.c.i.l.LifecycleMappingFactory - Using org.eclipse.m2e.jdt.JarLifecycleMapping lifecycle mapping for MavenProject: com.ejemplo.app:simple-ejemplo-app:0.0.1-SNAPSHOT @ C:\Users\ALEXANDER\eclipse-workspace\Combinado\simple-ejemplo-app\pom.xml.
2021-12-30 15:52:47,046 [Worker-16: Updating Maven Project] INFO  o.e.m.c.i.p.WorkspaceClassifierResolverManager - Resolving P/simple-maven-model: com.ejemplo.model:simple-maven-model:0.0.1-SNAPSHOT with classifier  to /simple-maven-model/target/classes
2021-12-30 15:52:47,117 [Worker-16: Updating Maven Project] INFO  o.e.m.c.i.l.LifecycleMappingFactory - Using org.eclipse.m2e.jdt.JarLifecycleMapping lifecycle mapping for MavenProject: com.ejemplo.model:simple-maven-model:0.0.1-SNAPSHOT @ C:\Users\ALEXANDER\eclipse-workspace\Combinado\simple-maven-model\pom.xml.
2021-12-30 15:52:47,265 [Worker-16: Updating Maven Project] INFO  o.e.m.j.i.AbstractJavaProjectConfigurator - Adding source folder /simple-ejemplo-app/src/main/java
2021-12-30 15:52:47,265 [Worker-16: Updating Maven Project] INFO  o.e.m.j.i.AbstractJavaProjectConfigurator - Adding resource folder /simple-ejemplo-app/src/main/resources
2021-12-30 15:52:47,288 [Worker-16: Updating Maven Project] INFO  o.e.m.j.i.AbstractJavaProjectConfigurator - Adding source folder /simple-ejemplo-app/src/test/java
2021-12-30 15:52:47,289 [Worker-16: Updating Maven Project] INFO  o.e.m.j.i.AbstractJavaProjectConfigurator - Adding resource folder /simple-ejemplo-app/src/test/resources
2021-12-30 15:52:47,329 [Worker-16: Updating Maven Project] INFO  o.e.m.j.i.AbstractJavaProjectConfigurator - Adding source folder /simple-maven-model/src/main/java
2021-12-30 15:52:47,330 [Worker-16: Updating Maven Project] INFO  o.e.m.j.i.AbstractJavaProjectConfigurator - Adding resource folder /simple-maven-model/src/main/resources
2021-12-30 15:52:47,330 [Worker-16: Updating Maven Project] INFO  o.e.m.j.i.AbstractJavaProjectConfigurator - Adding source folder /simple-maven-model/src/test/java
2021-12-30 15:52:47,331 [Worker-16: Updating Maven Project] INFO  o.e.m.j.i.AbstractJavaProjectConfigurator - Adding resource folder /simple-maven-model/src/test/resources
2021-12-30 15:52:47,434 [Worker-16: Updating Maven Project] INFO  o.e.m.c.i.p.ProjectConfigurationManager - Update completed: 0 sec
2021-12-30 15:52:47,595 [Worker-19: Building] INFO  o.e.m.c.i.p.WorkspaceClassifierResolverManager - Resolving P/simple-maven-model: com.ejemplo.model:simple-maven-model:0.0.1-SNAPSHOT with classifier  to /simple-maven-model/target/classes
2021-12-30 15:52:47,999 [Worker-19: Building] WARN  o.e.m.c.i.embedder.EclipseLogger - Using platform encoding (Cp1252 actually) to copy filtered resources, i.e. build is platform dependent!
2021-12-30 15:52:48,001 [Worker-19: Building] INFO  o.e.m.c.i.embedder.EclipseLogger - Copying 0 resource
2021-12-30 15:52:48,003 [Worker-19: Building] WARN  o.e.m.c.i.embedder.EclipseLogger - Using platform encoding (Cp1252 actually) to copy filtered resources, i.e. build is platform dependent!
2021-12-30 15:52:48,005 [Worker-19: Building] INFO  o.e.m.c.i.embedder.EclipseLogger - Copying 0 resource
2021-12-30 15:54:36,202 [Worker-18: Launching Executing install in C__Users_ALEXANDER_eclipse-workspace_Combinado_simple-ejemplo-app] INFO  o.e.m.i.launch.MavenLaunchDelegate - C:\Users\ALEXANDER\eclipse-workspace\Combinado\simple-ejemplo-app
2021-12-30 15:54:36,204 [Worker-18: Launching Executing install in C__Users_ALEXANDER_eclipse-workspace_Combinado_simple-ejemplo-app] INFO  o.e.m.i.launch.MavenLaunchDelegate -  mvn -B install
2021-12-30 15:57:12,327 [Worker-23: Building] INFO  o.e.m.c.i.l.LifecycleMappingFactory - Using org.eclipse.m2e.jdt.JarLifecycleMapping lifecycle mapping for MavenProject: com.ejemplo.app:simple-ejemplo-app:0.0.1-SNAPSHOT @ C:\Users\ALEXANDER\eclipse-workspace\Combinado\simple-ejemplo-app\pom.xml.
2021-12-30 15:57:12,332 [Worker-23: Building] INFO  o.e.m.c.i.p.WorkspaceClassifierResolverManager - Resolving P/simple-maven-model: com.ejemplo.model:simple-maven-model:0.0.1-SNAPSHOT with classifier  to /simple-maven-model/target/classes
2021-12-30 15:57:28,580 [Worker-22: Updating Maven Project] INFO  o.e.m.c.i.p.ProjectConfigurationManager - Update started
2021-12-30 15:57:28,660 [Worker-22: Updating Maven Project] INFO  o.e.m.c.i.l.LifecycleMappingFactory - Using org.eclipse.m2e.jdt.JarLifecycleMapping lifecycle mapping for MavenProject: com.ejemplo.app:simple-ejemplo-app:0.0.1-SNAPSHOT @ C:\Users\ALEXANDER\eclipse-workspace\Combinado\simple-ejemplo-app\pom.xml.
2021-12-30 15:57:28,663 [Worker-22: Updating Maven Project] INFO  o.e.m.c.i.p.WorkspaceClassifierResolverManager - Resolving P/simple-maven-model: com.ejemplo.model:simple-maven-model:0.0.1-SNAPSHOT with classifier  to /simple-maven-model/target/classes
2021-12-30 15:57:28,701 [Worker-22: Updating Maven Project] INFO  o.e.m.j.i.AbstractJavaProjectConfigurator - Adding source folder /simple-ejemplo-app/src/main/java
2021-12-30 15:57:28,701 [Worker-22: Updating Maven Project] INFO  o.e.m.j.i.AbstractJavaProjectConfigurator - Adding resource folder /simple-ejemplo-app/src/main/resources
2021-12-30 15:57:28,702 [Worker-22: Updating Maven Project] INFO  o.e.m.j.i.AbstractJavaProjectConfigurator - Adding source folder /simple-ejemplo-app/src/test/java
2021-12-30 15:57:28,702 [Worker-22: Updating Maven Project] INFO  o.e.m.j.i.AbstractJavaProjectConfigurator - Adding resource folder /simple-ejemplo-app/src/test/resources
2021-12-30 15:57:28,772 [Worker-22: Updating Maven Project] INFO  o.e.m.c.i.p.ProjectConfigurationManager - Update completed: 0 sec
2021-12-30 15:57:28,956 [Worker-21: Building] INFO  o.e.m.c.i.p.WorkspaceClassifierResolverManager - Resolving P/simple-maven-model: com.ejemplo.model:simple-maven-model:0.0.1-SNAPSHOT with classifier  to /simple-maven-model/target/classes
2021-12-30 16:02:30,322 [Worker-20: Building] INFO  o.e.m.c.i.embedder.EclipseLogger - Using 'UTF-8' encoding to copy filtered resources.
2021-12-30 16:02:30,327 [Worker-20: Building] INFO  o.e.m.c.i.embedder.EclipseLogger - Copying 1 resource
2021-12-30 16:02:30,354 [Worker-20: Building] INFO  o.e.m.c.i.embedder.EclipseLogger - Using 'UTF-8' encoding to copy filtered resources.
2021-12-30 16:02:30,354 [Worker-20: Building] INFO  o.e.m.c.i.embedder.EclipseLogger - Copying 0 resource
2021-12-30 16:03:19,421 [Worker-21: Building] INFO  o.e.m.c.i.embedder.EclipseLogger - Using 'UTF-8' encoding to copy filtered resources.
2021-12-30 16:03:19,422 [Worker-21: Building] INFO  o.e.m.c.i.embedder.EclipseLogger - Copying 1 resource
2021-12-30 16:03:19,425 [Worker-21: Building] INFO  o.e.m.c.i.embedder.EclipseLogger - Using 'UTF-8' encoding to copy filtered resources.
2021-12-30 16:03:19,426 [Worker-21: Building] INFO  o.e.m.c.i.embedder.EclipseLogger - Copying 0 resource
2021-12-30 16:03:29,132 [Worker-20: Building] INFO  o.e.m.c.i.embedder.EclipseLogger - Using 'UTF-8' encoding to copy filtered resources.
2021-12-30 16:03:29,133 [Worker-20: Building] INFO  o.e.m.c.i.embedder.EclipseLogger - Copying 1 resource
2021-12-30 16:03:29,139 [Worker-20: Building] INFO  o.e.m.c.i.embedder.EclipseLogger - Using 'UTF-8' encoding to copy filtered resources.
2021-12-30 16:03:29,140 [Worker-20: Building] INFO  o.e.m.c.i.embedder.EclipseLogger - Copying 0 resource
2021-12-30 16:03:44,860 [Worker-20: Updating Maven Project] INFO  o.e.m.c.i.p.ProjectConfigurationManager - Update started
2021-12-30 16:03:45,245 [Worker-20: Updating Maven Project] INFO  o.e.m.c.i.l.LifecycleMappingFactory - Using org.eclipse.m2e.jdt.JarLifecycleMapping lifecycle mapping for MavenProject: com.ejemplo.app:simple-ejemplo-app:0.0.1-SNAPSHOT @ C:\Users\ALEXANDER\eclipse-workspace\Combinado\simple-ejemplo-app\pom.xml.
2021-12-30 16:03:45,251 [Worker-20: Updating Maven Project] INFO  o.e.m.c.i.p.WorkspaceClassifierResolverManager - Resolving P/simple-maven-model: com.ejemplo.model:simple-maven-model:0.0.1-SNAPSHOT with classifier  to /simple-maven-model/target/classes
2021-12-30 16:03:45,316 [Worker-20: Updating Maven Project] INFO  o.e.m.c.i.l.LifecycleMappingFactory - Using org.eclipse.m2e.jdt.JarLifecycleMapping lifecycle mapping for MavenProject: com.ejemplo.model:simple-maven-model:0.0.1-SNAPSHOT @ C:\Users\ALEXANDER\eclipse-workspace\Combinado\simple-maven-model\pom.xml.
2021-12-30 16:03:45,489 [Worker-20: Updating Maven Project] INFO  o.e.m.j.i.AbstractJavaProjectConfigurator - Adding source folder /simple-ejemplo-app/src/main/java
2021-12-30 16:03:45,490 [Worker-20: Updating Maven Project] INFO  o.e.m.j.i.AbstractJavaProjectConfigurator - Adding resource folder /simple-ejemplo-app/src/main/resources
2021-12-30 16:03:45,490 [Worker-20: Updating Maven Project] INFO  o.e.m.j.i.AbstractJavaProjectConfigurator - Adding source folder /simple-ejemplo-app/src/test/java
2021-12-30 16:03:45,491 [Worker-20: Updating Maven Project] INFO  o.e.m.j.i.AbstractJavaProjectConfigurator - Adding resource folder /simple-ejemplo-app/src/test/resources
2021-12-30 16:03:45,520 [Worker-20: Updating Maven Project] INFO  o.e.m.j.i.AbstractJavaProjectConfigurator - Adding source folder /simple-maven-model/src/main/java
2021-12-30 16:03:45,521 [Worker-20: Updating Maven Project] INFO  o.e.m.j.i.AbstractJavaProjectConfigurator - Adding resource folder /simple-maven-model/src/main/resources
2021-12-30 16:03:45,522 [Worker-20: Updating Maven Project] INFO  o.e.m.j.i.AbstractJavaProjectConfigurator - Adding source folder /simple-maven-model/src/test/java
2021-12-30 16:03:45,523 [Worker-20: Updating Maven Project] INFO  o.e.m.j.i.AbstractJavaProjectConfigurator - Adding resource folder /simple-maven-model/src/test/resources
2021-12-30 16:03:45,616 [Worker-20: Updating Maven Project] INFO  o.e.m.c.i.p.ProjectConfigurationManager - Update completed: 0 sec
2021-12-30 16:03:45,789 [Worker-26: Building] INFO  o.e.m.c.i.p.WorkspaceClassifierResolverManager - Resolving P/simple-maven-model: com.ejemplo.model:simple-maven-model:0.0.1-SNAPSHOT with classifier  to /simple-maven-model/target/classes
2021-12-30 16:03:45,812 [Worker-26: Building] INFO  o.e.m.c.i.embedder.EclipseLogger - Using 'UTF-8' encoding to copy filtered resources.
2021-12-30 16:03:45,813 [Worker-26: Building] INFO  o.e.m.c.i.embedder.EclipseLogger - Copying 3 resources
2021-12-30 16:03:45,852 [Worker-26: Building] INFO  o.e.m.c.i.embedder.EclipseLogger - Using 'UTF-8' encoding to copy filtered resources.
2021-12-30 16:03:45,852 [Worker-26: Building] INFO  o.e.m.c.i.embedder.EclipseLogger - Copying 0 resource
2021-12-30 16:03:46,300 [Worker-26: Building] WARN  o.e.m.c.i.embedder.EclipseLogger - Using platform encoding (Cp1252 actually) to copy filtered resources, i.e. build is platform dependent!
2021-12-30 16:03:46,302 [Worker-26: Building] INFO  o.e.m.c.i.embedder.EclipseLogger - Copying 0 resource
2021-12-30 16:03:46,304 [Worker-26: Building] WARN  o.e.m.c.i.embedder.EclipseLogger - Using platform encoding (Cp1252 actually) to copy filtered resources, i.e. build is platform dependent!
2021-12-30 16:03:46,307 [Worker-26: Building] INFO  o.e.m.c.i.embedder.EclipseLogger - Copying 0 resource
2021-12-30 16:03:47,470 [Worker-26: Building] INFO  o.e.m.c.i.embedder.EclipseLogger - Using 'UTF-8' encoding to copy filtered resources.
2021-12-30 16:03:47,474 [Worker-26: Building] INFO  o.e.m.c.i.embedder.EclipseLogger - Copying 3 resources
2021-12-30 16:03:47,481 [Worker-26: Building] INFO  o.e.m.c.i.embedder.EclipseLogger - Using 'UTF-8' encoding to copy filtered resources.
2021-12-30 16:03:47,481 [Worker-26: Building] INFO  o.e.m.c.i.embedder.EclipseLogger - Copying 0 resource
2021-12-30 16:04:28,414 [main] INFO  o.e.m2e.actions.ExecutePomAction - Creating new launch configuration
2021-12-30 16:04:50,495 [Worker-26: Launching qa] INFO  o.e.m.i.launch.MavenLaunchDelegate - C:\Users\ALEXANDER\eclipse-workspace\Combinado\simple-ejemplo-app
2021-12-30 16:04:50,496 [Worker-26: Launching qa] INFO  o.e.m.i.launch.MavenLaunchDelegate -  mvn -Pqa -B 
2021-12-30 16:04:50,639 [Worker-25: Building] INFO  o.e.m.c.i.embedder.EclipseLogger - Using 'UTF-8' encoding to copy filtered resources.
2021-12-30 16:04:50,640 [Worker-25: Building] INFO  o.e.m.c.i.embedder.EclipseLogger - Copying 1 resource
2021-12-30 16:04:50,644 [Worker-25: Building] INFO  o.e.m.c.i.embedder.EclipseLogger - Using 'UTF-8' encoding to copy filtered resources.
2021-12-30 16:04:50,644 [Worker-25: Building] INFO  o.e.m.c.i.embedder.EclipseLogger - Copying 0 resource
2021-12-30 16:05:16,819 [Worker-25: Launching Executing install in C__Users_ALEXANDER_eclipse-workspace_Combinado_simple-maven-model] INFO  o.e.m.i.launch.MavenLaunchDelegate - C:\Users\ALEXANDER\eclipse-workspace\Combinado\simple-maven-model
2021-12-30 16:05:16,820 [Worker-25: Launching Executing install in C__Users_ALEXANDER_eclipse-workspace_Combinado_simple-maven-model] INFO  o.e.m.i.launch.MavenLaunchDelegate -  mvn -B install
2021-12-30 16:06:08,112 [Worker-21: Launching Executing install in C__Users_ALEXANDER_eclipse-workspace_Combinado_simple-ejemplo-app] INFO  o.e.m.i.launch.MavenLaunchDelegate - C:\Users\ALEXANDER\eclipse-workspace\Combinado\simple-ejemplo-app
2021-12-30 16:06:08,112 [Worker-21: Launching Executing install in C__Users_ALEXANDER_eclipse-workspace_Combinado_simple-ejemplo-app] INFO  o.e.m.i.launch.MavenLaunchDelegate -  mvn -B install
2021-12-30 16:06:12,668 [Worker-21: Building] INFO  o.e.m.c.i.embedder.EclipseLogger - Using 'UTF-8' encoding to copy filtered resources.
2021-12-30 16:06:12,669 [Worker-21: Building] INFO  o.e.m.c.i.embedder.EclipseLogger - Copying 3 resources
2021-12-30 16:06:12,676 [Worker-21: Building] INFO  o.e.m.c.i.embedder.EclipseLogger - Using 'UTF-8' encoding to copy filtered resources.
2021-12-30 16:06:12,676 [Worker-21: Building] INFO  o.e.m.c.i.embedder.EclipseLogger - Copying 0 resource
2021-12-30 16:09:09,060 [Worker-26: Building] INFO  o.e.m.c.i.embedder.EclipseLogger - Using 'UTF-8' encoding to copy filtered resources.
2021-12-30 16:09:09,062 [Worker-26: Building] INFO  o.e.m.c.i.embedder.EclipseLogger - Copying 3 resources
2021-12-30 16:09:09,069 [Worker-26: Building] INFO  o.e.m.c.i.embedder.EclipseLogger - Using 'UTF-8' encoding to copy filtered resources.
2021-12-30 16:09:09,070 [Worker-26: Building] INFO  o.e.m.c.i.embedder.EclipseLogger - Copying 0 resource
2021-12-30 16:09:22,468 [Worker-28: Updating Maven Project] INFO  o.e.m.c.i.p.ProjectConfigurationManager - Update started
2021-12-30 16:09:22,538 [Worker-28: Updating Maven Project] INFO  o.e.m.c.i.l.LifecycleMappingFactory - Using org.eclipse.m2e.jdt.JarLifecycleMapping lifecycle mapping for MavenProject: com.ejemplo.app:simple-ejemplo-app:0.0.1-SNAPSHOT @ C:\Users\ALEXANDER\eclipse-workspace\Combinado\simple-ejemplo-app\pom.xml.
2021-12-30 16:09:22,545 [Worker-28: Updating Maven Project] INFO  o.e.m.c.i.p.WorkspaceClassifierResolverManager - Resolving P/simple-maven-model: com.ejemplo.model:simple-maven-model:0.0.1-SNAPSHOT with classifier  to /simple-maven-model/target/classes
2021-12-30 16:09:22,585 [Worker-28: Updating Maven Project] INFO  o.e.m.j.i.AbstractJavaProjectConfigurator - Adding source folder /simple-ejemplo-app/src/main/java
2021-12-30 16:09:22,586 [Worker-28: Updating Maven Project] INFO  o.e.m.j.i.AbstractJavaProjectConfigurator - Adding resource folder /simple-ejemplo-app/src/main/resources
2021-12-30 16:09:22,587 [Worker-28: Updating Maven Project] INFO  o.e.m.j.i.AbstractJavaProjectConfigurator - Adding source folder /simple-ejemplo-app/src/test/java
2021-12-30 16:09:22,588 [Worker-28: Updating Maven Project] INFO  o.e.m.j.i.AbstractJavaProjectConfigurator - Adding resource folder /simple-ejemplo-app/src/test/resources
2021-12-30 16:09:22,686 [Worker-28: Updating Maven Project] INFO  o.e.m.c.i.p.ProjectConfigurationManager - Update completed: 0 sec
2021-12-30 16:09:22,946 [Worker-27: Building] INFO  o.e.m.c.i.p.WorkspaceClassifierResolverManager - Resolving P/simple-maven-model: com.ejemplo.model:simple-maven-model:0.0.1-SNAPSHOT with classifier  to /simple-maven-model/target/classes
2021-12-30 16:09:22,950 [Worker-27: Building] INFO  o.e.m.c.i.embedder.EclipseLogger - Using 'UTF-8' encoding to copy filtered resources.
2021-12-30 16:09:22,951 [Worker-27: Building] INFO  o.e.m.c.i.embedder.EclipseLogger - Copying 3 resources
2021-12-30 16:09:22,959 [Worker-27: Building] INFO  o.e.m.c.i.embedder.EclipseLogger - Using 'UTF-8' encoding to copy filtered resources.
2021-12-30 16:09:22,959 [Worker-27: Building] INFO  o.e.m.c.i.embedder.EclipseLogger - Copying 0 resource
2021-12-30 16:09:43,513 [Worker-27: Launching Executing install in C__Users_ALEXANDER_eclipse-workspace_Combinado_simple-ejemplo-app] INFO  o.e.m.i.launch.MavenLaunchDelegate - C:\Users\ALEXANDER\eclipse-workspace\Combinado\simple-ejemplo-app
2021-12-30 16:09:43,514 [Worker-27: Launching Executing install in C__Users_ALEXANDER_eclipse-workspace_Combinado_simple-ejemplo-app] INFO  o.e.m.i.launch.MavenLaunchDelegate -  mvn -B install
2021-12-30 16:09:48,370 [Worker-26: Building] INFO  o.e.m.c.i.embedder.EclipseLogger - Using 'UTF-8' encoding to copy filtered resources.
2021-12-30 16:09:48,371 [Worker-26: Building] INFO  o.e.m.c.i.embedder.EclipseLogger - Copying 3 resources
2021-12-30 16:09:48,379 [Worker-26: Building] INFO  o.e.m.c.i.embedder.EclipseLogger - Using 'UTF-8' encoding to copy filtered resources.
2021-12-30 16:09:48,379 [Worker-26: Building] INFO  o.e.m.c.i.embedder.EclipseLogger - Copying 0 resource
2021-12-30 16:10:09,419 [main] INFO  o.e.m2e.actions.ExecutePomAction - Using existing launch configuration
2021-12-30 16:10:19,335 [Worker-28: Launching qa] INFO  o.e.m.i.launch.MavenLaunchDelegate - C:\Users\ALEXANDER\eclipse-workspace\Combinado\simple-ejemplo-app
2021-12-30 16:10:19,336 [Worker-28: Launching qa] INFO  o.e.m.i.launch.MavenLaunchDelegate -  mvn -Pqa -B 
2021-12-30 16:10:39,720 [main] INFO  o.e.m2e.actions.ExecutePomAction - Creating new launch configuration
2021-12-30 16:10:56,630 [Worker-30: Launching prod] INFO  o.e.m.i.launch.MavenLaunchDelegate - C:\Users\ALEXANDER\eclipse-workspace\Combinado\simple-ejemplo-app
